<?xml version="1.0" encoding="UTF-8"?>
<!-- Generated by org.testng.reporters.JUnitReportReporter -->
<testsuite hostname="KajolG" failures="0" tests="36" name="com.qa.guru99.tests.NegativeCustomerTest" time="48.920" errors="0" timestamp="2025-08-28T12:41:31 IST" skipped="0">
  <testcase classname="com.qa.guru99.tests.NegativeCustomerTest" name="validateFieldError" time="1.083"/>
  <testcase classname="com.qa.guru99.tests.NegativeCustomerTest" name="validateFieldError" time="0.840"/>
  <testcase classname="com.qa.guru99.tests.NegativeCustomerTest" name="validateFieldError" time="2.320"/>
  <testcase classname="com.qa.guru99.tests.NegativeCustomerTest" name="validateFieldError" time="2.398"/>
  <testcase classname="com.qa.guru99.tests.NegativeCustomerTest" name="validateFieldError" time="0.924"/>
  <testcase classname="com.qa.guru99.tests.NegativeCustomerTest" name="validateFieldError" time="1.261"/>
  <testcase classname="com.qa.guru99.tests.NegativeCustomerTest" name="validateFieldError" time="2.479"/>
  <testcase classname="com.qa.guru99.tests.NegativeCustomerTest" name="validateFieldError" time="1.146"/>
  <testcase classname="com.qa.guru99.tests.NegativeCustomerTest" name="validateFieldError" time="0.903"/>
  <testcase classname="com.qa.guru99.tests.NegativeCustomerTest" name="validateFieldError" time="1.592"/>
  <testcase classname="com.qa.guru99.tests.NegativeCustomerTest" name="validateFieldError" time="0.921"/>
  <testcase classname="com.qa.guru99.tests.NegativeCustomerTest" name="validateFieldError" time="0.812"/>
  <testcase classname="com.qa.guru99.tests.NegativeCustomerTest" name="validateFieldError" time="1.070"/>
  <testcase classname="com.qa.guru99.tests.NegativeCustomerTest" name="validateFieldError" time="1.645"/>
  <testcase classname="com.qa.guru99.tests.NegativeCustomerTest" name="validateFieldError" time="0.861"/>
  <testcase classname="com.qa.guru99.tests.NegativeCustomerTest" name="validateFieldError" time="1.445"/>
  <testcase classname="com.qa.guru99.tests.NegativeCustomerTest" name="validateFieldError" time="0.863"/>
  <testcase classname="com.qa.guru99.tests.NegativeCustomerTest" name="validateFieldError" time="0.917"/>
  <testcase classname="com.qa.guru99.tests.NegativeCustomerTest" name="validateFieldError" time="1.675"/>
  <testcase classname="com.qa.guru99.tests.NegativeCustomerTest" name="validateFieldError" time="1.267"/>
  <testcase classname="com.qa.guru99.tests.NegativeCustomerTest" name="validateFieldError" time="1.053"/>
  <testcase classname="com.qa.guru99.tests.NegativeCustomerTest" name="validateFieldError" time="1.453"/>
  <testcase classname="com.qa.guru99.tests.NegativeCustomerTest" name="validateFieldError" time="1.138"/>
  <testcase classname="com.qa.guru99.tests.NegativeCustomerTest" name="validateFieldError" time="0.952"/>
  <testcase classname="com.qa.guru99.tests.NegativeCustomerTest" name="validateFieldError" time="1.411"/>
  <testcase classname="com.qa.guru99.tests.NegativeCustomerTest" name="validateFieldError" time="1.311"/>
  <testcase classname="com.qa.guru99.tests.NegativeCustomerTest" name="validateFieldError" time="1.131"/>
  <testcase classname="com.qa.guru99.tests.NegativeCustomerTest" name="validateFieldError" time="1.671"/>
  <testcase classname="com.qa.guru99.tests.NegativeCustomerTest" name="validateFieldError" time="1.221"/>
  <testcase classname="com.qa.guru99.tests.NegativeCustomerTest" name="validateFieldError" time="1.838"/>
  <testcase classname="com.qa.guru99.tests.NegativeCustomerTest" name="validateFieldError" time="2.158"/>
  <testcase classname="com.qa.guru99.tests.NegativeCustomerTest" name="validateFieldError" time="1.614"/>
  <testcase classname="com.qa.guru99.tests.NegativeCustomerTest" name="validateFieldError" time="1.478"/>
  <testcase classname="com.qa.guru99.tests.NegativeCustomerTest" name="validateFieldError" time="2.110"/>
  <testcase classname="com.qa.guru99.tests.NegativeCustomerTest" name="validateFieldError" time="1.043"/>
  <testcase classname="com.qa.guru99.tests.NegativeCustomerTest" name="validateFieldError" time="0.916"/>
</testsuite> <!-- com.qa.guru99.tests.NegativeCustomerTest -->
