<?xml version="1.0" encoding="UTF-8"?>
<!-- Generated by org.testng.reporters.JUnitReportReporter -->
<testsuite hostname="KajolG" failures="0" tests="2" name="com.qa.guru99.tests.NewCustomerTest" time="6.932" errors="0" timestamp="2025-08-28T12:41:31 IST" skipped="0">
  <testcase classname="com.qa.guru99.tests.NewCustomerTest" name="addCustomer" time="2.684"/>
  <testcase classname="com.qa.guru99.tests.NewCustomerTest" name="addCustomer" time="4.248"/>
</testsuite> <!-- com.qa.guru99.tests.NewCustomerTest -->
